# JRE version: OpenJDK Runtime Environment Temurin-17.0.11+9 (17.0.11+9) (build 17.0.11+9)
# Java VM: OpenJDK 64-Bit Server VM Temurin-17.0.11+9 (17.0.11+9, mixed mode, emulated-client, tiered, compressed oops, compressed class ptrs, g1 gc, windows-amd64)
GC Precious Log:
 CPUs: 2 total, 2 available
 Memory: 3924M
 Large Page Support: Disabled
 NUMA Support: Disabled
 Compressed Oops: Enabled (32-bit)
 Heap Region Size: 1M
 Heap Min Capacity: 8M
 Heap Initial Capacity: 62M
 Heap Max Capacity: 1G
 Pre-touch: Disabled
 Parallel Workers: 2
 Concurrent Workers: 1
 Concurrent Refinement Workers: 2
 Periodic GC: Disabled
Heap:
 garbage-first heap   total 76800K, used 34013K [0x00000000c0000000, 0x0000000100000000)
  region size 1024K, 1 young (1024K), 0 survivors (0K)
 Metaspace       used 58710K, committed 59456K, reserved 1114112K
  class space    used 7257K, committed 7552K, reserved 1048576K
GC Heap History (20 events):
Event: 167.637 GC heap before
{Heap before GC invocations=27 (full 8):
 garbage-first heap   total 76800K, used 34694K [0x00000000c0000000, 0x0000000100000000)
  region size 1024K, 1 young (1024K), 0 survivors (0K)
 Metaspace       used 58707K, committed 59456K, reserved 1114112K
  class space    used 7257K, committed 7552K, reserved 1048576K
}
Event: 167.701 GC heap after
{Heap after GC invocations=28 (full 9):
 garbage-first heap   total 76800K, used 34694K [0x00000000c0000000, 0x0000000100000000)
  region size 1024K, 0 young (0K), 0 survivors (0K)
 Metaspace       used 58707K, committed 59456K, reserved 1114112K
  class space    used 7257K, committed 7552K, reserved 1048576K
}
Event: 177.999 GC heap before
{Heap before GC invocations=28 (full 9):
 garbage-first heap   total 76800K, used 34694K [0x00000000c0000000, 0x0000000100000000)
  region size 1024K, 1 young (1024K), 0 survivors (0K)
 Metaspace       used 58707K, committed 59456K, reserved 1114112K
  class space    used 7257K, committed 7552K, reserved 1048576K
}
Event: 178.063 GC heap after
{Heap after GC invocations=29 (full 10):
 garbage-first heap   total 76800K, used 34694K [0x00000000c0000000, 0x0000000100000000)
  region size 1024K, 0 young (0K), 0 survivors (0K)
 Metaspace       used 58707K, committed 59456K, reserved 1114112K
  class space    used 7257K, committed 7552K, reserved 1048576K
}
Event: 188.364 GC heap before
{Heap before GC invocations=29 (full 10):
 garbage-first heap   total 76800K, used 34694K [0x00000000c0000000, 0x0000000100000000)
  region size 1024K, 1 young (1024K), 0 survivors (0K)
 Metaspace       used 58707K, committed 59456K, reserved 1114112K
  class space    used 7257K, committed 7552K, reserved 1048576K
}
Event: 188.432 GC heap after
{Heap after GC invocations=30 (full 11):
 garbage-first heap   total 76800K, used 34694K [0x00000000c0000000, 0x0000000100000000)
  region size 1024K, 0 young (0K), 0 survivors (0K)
 Metaspace       used 58707K, committed 59456K, reserved 1114112K
  class space    used 7257K, committed 7552K, reserved 1048576K
}
Event: 198.763 GC heap before
{Heap before GC invocations=30 (full 11):
 garbage-first heap   total 76800K, used 34694K [0x00000000c0000000, 0x0000000100000000)
  region size 1024K, 1 young (1024K), 0 survivors (0K)
 Metaspace       used 58707K, committed 59456K, reserved 1114112K
  class space    used 7257K, committed 7552K, reserved 1048576K
}
Event: 198.826 GC heap after
{Heap after GC invocations=31 (full 12):
 garbage-first heap   total 76800K, used 34694K [0x00000000c0000000, 0x0000000100000000)
  region size 1024K, 0 young (0K), 0 survivors (0K)
 Metaspace       used 58707K, committed 59456K, reserved 1114112K
  class space    used 7257K, committed 7552K, reserved 1048576K
}
Event: 209.121 GC heap before
{Heap before GC invocations=31 (full 12):
 garbage-first heap   total 76800K, used 34694K [0x00000000c0000000, 0x0000000100000000)
  region size 1024K, 1 young (1024K), 0 survivors (0K)
 Metaspace       used 58707K, committed 59456K, reserved 1114112K
  class space    used 7257K, committed 7552K, reserved 1048576K
}
Event: 209.188 GC heap after
{Heap after GC invocations=32 (full 13):
 garbage-first heap   total 76800K, used 34694K [0x00000000c0000000, 0x0000000100000000)
  region size 1024K, 0 young (0K), 0 survivors (0K)
 Metaspace       used 58707K, committed 59456K, reserved 1114112K
  class space    used 7257K, committed 7552K, reserved 1048576K
}
Event: 220.595 GC heap before
{Heap before GC invocations=32 (full 13):
 garbage-first heap   total 76800K, used 34694K [0x00000000c0000000, 0x0000000100000000)
  region size 1024K, 1 young (1024K), 0 survivors (0K)
 Metaspace       used 58707K, committed 59456K, reserved 1114112K
  class space    used 7257K, committed 7552K, reserved 1048576K
}
Event: 220.668 GC heap after
{Heap after GC invocations=33 (full 14):
 garbage-first heap   total 76800K, used 34694K [0x00000000c0000000, 0x0000000100000000)
  region size 1024K, 0 young (0K), 0 survivors (0K)
 Metaspace       used 58707K, committed 59456K, reserved 1114112K
  class space    used 7257K, committed 7552K, reserved 1048576K
}
Event: 260.991 GC heap before
{Heap before GC invocations=33 (full 14):
 garbage-first heap   total 76800K, used 34694K [0x00000000c0000000, 0x0000000100000000)
  region size 1024K, 1 young (1024K), 0 survivors (0K)
 Metaspace       used 58710K, committed 59456K, reserved 1114112K
  class space    used 7257K, committed 7552K, reserved 1048576K
}
Event: 261.057 GC heap after
{Heap after GC invocations=34 (full 15):
 garbage-first heap   total 76800K, used 34012K [0x00000000c0000000, 0x0000000100000000)
  region size 1024K, 0 young (0K), 0 survivors (0K)
 Metaspace       used 58710K, committed 59456K, reserved 1114112K
  class space    used 7257K, committed 7552K, reserved 1048576K
}
Event: 271.361 GC heap before
{Heap before GC invocations=34 (full 15):
 garbage-first heap   total 76800K, used 34012K [0x00000000c0000000, 0x0000000100000000)
  region size 1024K, 1 young (1024K), 0 survivors (0K)
 Metaspace       used 58710K, committed 59456K, reserved 1114112K
  class space    used 7257K, committed 7552K, reserved 1048576K
}
Event: 271.424 GC heap after
{Heap after GC invocations=35 (full 16):
 garbage-first heap   total 76800K, used 34012K [0x00000000c0000000, 0x0000000100000000)
  region size 1024K, 0 young (0K), 0 survivors (0K)
 Metaspace       used 58710K, committed 59456K, reserved 1114112K
  class space    used 7257K, committed 7552K, reserved 1048576K
}
Event: 281.737 GC heap before
{Heap before GC invocations=35 (full 16):
 garbage-first heap   total 76800K, used 34012K [0x00000000c0000000, 0x0000000100000000)
  region size 1024K, 1 young (1024K), 0 survivors (0K)
 Metaspace       used 58710K, committed 59456K, reserved 1114112K
  class space    used 7257K, committed 7552K, reserved 1048576K
}
Event: 281.802 GC heap after
{Heap after GC invocations=36 (full 17):
 garbage-first heap   total 76800K, used 34012K [0x00000000c0000000, 0x0000000100000000)
  region size 1024K, 0 young (0K), 0 survivors (0K)
 Metaspace       used 58710K, committed 59456K, reserved 1114112K
  class space    used 7257K, committed 7552K, reserved 1048576K
}
Event: 293.577 GC heap before
{Heap before GC invocations=36 (full 17):
 garbage-first heap   total 76800K, used 34012K [0x00000000c0000000, 0x0000000100000000)
  region size 1024K, 1 young (1024K), 0 survivors (0K)
 Metaspace       used 58710K, committed 59456K, reserved 1114112K
  class space    used 7257K, committed 7552K, reserved 1048576K
}
Event: 293.663 GC heap after
{Heap after GC invocations=37 (full 18):
 garbage-first heap   total 76800K, used 34013K [0x00000000c0000000, 0x0000000100000000)
  region size 1024K, 0 young (0K), 0 survivors (0K)
 Metaspace       used 58710K, committed 59456K, reserved 1114112K
  class space    used 7257K, committed 7552K, reserved 1048576K
}

