# JRE version: OpenJDK Runtime Environment Temurin-17.0.11+9 (17.0.11+9) (build 17.0.11+9)
# Java VM: OpenJDK 64-Bit Server VM Temurin-17.0.11+9 (17.0.11+9, mixed mode, emulated-client, tiered, compressed oops, compressed class ptrs, g1 gc, windows-amd64)
GC Precious Log:
 CPUs: 2 total, 2 available
 Memory: 3924M
 Large Page Support: Disabled
 NUMA Support: Disabled
 Compressed Oops: Enabled (32-bit)
 Heap Region Size: 1M
 Heap Min Capacity: 8M
 Heap Initial Capacity: 62M
 Heap Max Capacity: 1G
 Pre-touch: Disabled
 Parallel Workers: 2
 Concurrent Workers: 1
 Concurrent Refinement Workers: 2
 Periodic GC: Disabled
Heap:
 garbage-first heap   total 116736K, used 34446K [0x00000000c0000000, 0x0000000100000000)
  region size 1024K, 1 young (1024K), 0 survivors (0K)
 Metaspace       used 59866K, committed 60288K, reserved 1114112K
  class space    used 7462K, committed 7616K, reserved 1048576K
GC Heap History (20 events):
Event: 805.060 GC heap before
{Heap before GC invocations=62 (full 33):
 garbage-first heap   total 116736K, used 34446K [0x00000000c0000000, 0x0000000100000000)
  region size 1024K, 1 young (1024K), 0 survivors (0K)
 Metaspace       used 59866K, committed 60288K, reserved 1114112K
  class space    used 7462K, committed 7616K, reserved 1048576K
}
Event: 805.128 GC heap after
{Heap after GC invocations=63 (full 34):
 garbage-first heap   total 116736K, used 34446K [0x00000000c0000000, 0x0000000100000000)
  region size 1024K, 0 young (0K), 0 survivors (0K)
 Metaspace       used 59866K, committed 60288K, reserved 1114112K
  class space    used 7462K, committed 7616K, reserved 1048576K
}
Event: 815.588 GC heap before
{Heap before GC invocations=63 (full 34):
 garbage-first heap   total 116736K, used 34446K [0x00000000c0000000, 0x0000000100000000)
  region size 1024K, 1 young (1024K), 0 survivors (0K)
 Metaspace       used 59866K, committed 60288K, reserved 1114112K
  class space    used 7462K, committed 7616K, reserved 1048576K
}
Event: 815.939 GC heap after
{Heap after GC invocations=64 (full 35):
 garbage-first heap   total 116736K, used 34446K [0x00000000c0000000, 0x0000000100000000)
  region size 1024K, 0 young (0K), 0 survivors (0K)
 Metaspace       used 59866K, committed 60288K, reserved 1114112K
  class space    used 7462K, committed 7616K, reserved 1048576K
}
Event: 827.019 GC heap before
{Heap before GC invocations=64 (full 35):
 garbage-first heap   total 116736K, used 34446K [0x00000000c0000000, 0x0000000100000000)
  region size 1024K, 1 young (1024K), 0 survivors (0K)
 Metaspace       used 59866K, committed 60288K, reserved 1114112K
  class space    used 7462K, committed 7616K, reserved 1048576K
}
Event: 827.091 GC heap after
{Heap after GC invocations=65 (full 36):
 garbage-first heap   total 116736K, used 34446K [0x00000000c0000000, 0x0000000100000000)
  region size 1024K, 0 young (0K), 0 survivors (0K)
 Metaspace       used 59866K, committed 60288K, reserved 1114112K
  class space    used 7462K, committed 7616K, reserved 1048576K
}
Event: 837.619 GC heap before
{Heap before GC invocations=65 (full 36):
 garbage-first heap   total 116736K, used 34446K [0x00000000c0000000, 0x0000000100000000)
  region size 1024K, 1 young (1024K), 0 survivors (0K)
 Metaspace       used 59866K, committed 60288K, reserved 1114112K
  class space    used 7462K, committed 7616K, reserved 1048576K
}
Event: 837.690 GC heap after
{Heap after GC invocations=66 (full 37):
 garbage-first heap   total 116736K, used 34446K [0x00000000c0000000, 0x0000000100000000)
  region size 1024K, 0 young (0K), 0 survivors (0K)
 Metaspace       used 59866K, committed 60288K, reserved 1114112K
  class space    used 7462K, committed 7616K, reserved 1048576K
}
Event: 848.209 GC heap before
{Heap before GC invocations=66 (full 37):
 garbage-first heap   total 116736K, used 34446K [0x00000000c0000000, 0x0000000100000000)
  region size 1024K, 1 young (1024K), 0 survivors (0K)
 Metaspace       used 59866K, committed 60288K, reserved 1114112K
  class space    used 7462K, committed 7616K, reserved 1048576K
}
Event: 848.278 GC heap after
{Heap after GC invocations=67 (full 38):
 garbage-first heap   total 116736K, used 34446K [0x00000000c0000000, 0x0000000100000000)
  region size 1024K, 0 young (0K), 0 survivors (0K)
 Metaspace       used 59866K, committed 60288K, reserved 1114112K
  class space    used 7462K, committed 7616K, reserved 1048576K
}
Event: 859.902 GC heap before
{Heap before GC invocations=67 (full 38):
 garbage-first heap   total 116736K, used 34446K [0x00000000c0000000, 0x0000000100000000)
  region size 1024K, 1 young (1024K), 0 survivors (0K)
 Metaspace       used 59866K, committed 60288K, reserved 1114112K
  class space    used 7462K, committed 7616K, reserved 1048576K
}
Event: 859.997 GC heap after
{Heap after GC invocations=68 (full 39):
 garbage-first heap   total 116736K, used 34446K [0x00000000c0000000, 0x0000000100000000)
  region size 1024K, 0 young (0K), 0 survivors (0K)
 Metaspace       used 59866K, committed 60288K, reserved 1114112K
  class space    used 7462K, committed 7616K, reserved 1048576K
}
Event: 870.470 GC heap before
{Heap before GC invocations=68 (full 39):
 garbage-first heap   total 116736K, used 34446K [0x00000000c0000000, 0x0000000100000000)
  region size 1024K, 1 young (1024K), 0 survivors (0K)
 Metaspace       used 59866K, committed 60288K, reserved 1114112K
  class space    used 7462K, committed 7616K, reserved 1048576K
}
Event: 870.560 GC heap after
{Heap after GC invocations=69 (full 40):
 garbage-first heap   total 116736K, used 34446K [0x00000000c0000000, 0x0000000100000000)
  region size 1024K, 0 young (0K), 0 survivors (0K)
 Metaspace       used 59866K, committed 60288K, reserved 1114112K
  class space    used 7462K, committed 7616K, reserved 1048576K
}
Event: 881.043 GC heap before
{Heap before GC invocations=69 (full 40):
 garbage-first heap   total 116736K, used 34446K [0x00000000c0000000, 0x0000000100000000)
  region size 1024K, 1 young (1024K), 0 survivors (0K)
 Metaspace       used 59866K, committed 60288K, reserved 1114112K
  class space    used 7462K, committed 7616K, reserved 1048576K
}
Event: 881.138 GC heap after
{Heap after GC invocations=70 (full 41):
 garbage-first heap   total 116736K, used 34446K [0x00000000c0000000, 0x0000000100000000)
  region size 1024K, 0 young (0K), 0 survivors (0K)
 Metaspace       used 59866K, committed 60288K, reserved 1114112K
  class space    used 7462K, committed 7616K, reserved 1048576K
}
Event: 891.916 GC heap before
{Heap before GC invocations=70 (full 41):
 garbage-first heap   total 116736K, used 34446K [0x00000000c0000000, 0x0000000100000000)
  region size 1024K, 1 young (1024K), 0 survivors (0K)
 Metaspace       used 59866K, committed 60288K, reserved 1114112K
  class space    used 7462K, committed 7616K, reserved 1048576K
}
Event: 891.985 GC heap after
{Heap after GC invocations=71 (full 42):
 garbage-first heap   total 116736K, used 34446K [0x00000000c0000000, 0x0000000100000000)
  region size 1024K, 0 young (0K), 0 survivors (0K)
 Metaspace       used 59866K, committed 60288K, reserved 1114112K
  class space    used 7462K, committed 7616K, reserved 1048576K
}
Event: 902.460 GC heap before
{Heap before GC invocations=71 (full 42):
 garbage-first heap   total 116736K, used 34446K [0x00000000c0000000, 0x0000000100000000)
  region size 1024K, 1 young (1024K), 0 survivors (0K)
 Metaspace       used 59866K, committed 60288K, reserved 1114112K
  class space    used 7462K, committed 7616K, reserved 1048576K
}
Event: 902.552 GC heap after
{Heap after GC invocations=72 (full 43):
 garbage-first heap   total 116736K, used 34446K [0x00000000c0000000, 0x0000000100000000)
  region size 1024K, 0 young (0K), 0 survivors (0K)
 Metaspace       used 59866K, committed 60288K, reserved 1114112K
  class space    used 7462K, committed 7616K, reserved 1048576K
}

