# JRE version: OpenJDK Runtime Environment Temurin-17.0.11+9 (17.0.11+9) (build 17.0.11+9)
# Java VM: OpenJDK 64-Bit Server VM Temurin-17.0.11+9 (17.0.11+9, mixed mode, emulated-client, tiered, compressed oops, compressed class ptrs, g1 gc, windows-amd64)
GC Precious Log:
 CPUs: 2 total, 2 available
 Memory: 3924M
 Large Page Support: Disabled
 NUMA Support: Disabled
 Compressed Oops: Enabled (32-bit)
 Heap Region Size: 1M
 Heap Min Capacity: 8M
 Heap Initial Capacity: 62M
 Heap Max Capacity: 1G
 Pre-touch: Disabled
 Parallel Workers: 2
 Concurrent Workers: 1
 Concurrent Refinement Workers: 2
 Periodic GC: Disabled
Heap:
 garbage-first heap   total 76800K, used 24691K [0x00000000c0000000, 0x0000000100000000)
  region size 1024K, 1 young (1024K), 0 survivors (0K)
 Metaspace       used 39959K, committed 40576K, reserved 1114112K
  class space    used 5285K, committed 5568K, reserved 1048576K
GC Heap History (20 events):
Event: 118.617 GC heap before
{Heap before GC invocations=18 (full 5):
 garbage-first heap   total 76800K, used 24691K [0x00000000c0000000, 0x0000000100000000)
  region size 1024K, 1 young (1024K), 0 survivors (0K)
 Metaspace       used 39959K, committed 40576K, reserved 1114112K
  class space    used 5285K, committed 5568K, reserved 1048576K
}
Event: 118.661 GC heap after
{Heap after GC invocations=19 (full 6):
 garbage-first heap   total 76800K, used 24691K [0x00000000c0000000, 0x0000000100000000)
  region size 1024K, 0 young (0K), 0 survivors (0K)
 Metaspace       used 39959K, committed 40576K, reserved 1114112K
  class space    used 5285K, committed 5568K, reserved 1048576K
}
Event: 130.592 GC heap before
{Heap before GC invocations=19 (full 6):
 garbage-first heap   total 76800K, used 24691K [0x00000000c0000000, 0x0000000100000000)
  region size 1024K, 1 young (1024K), 0 survivors (0K)
 Metaspace       used 39959K, committed 40576K, reserved 1114112K
  class space    used 5285K, committed 5568K, reserved 1048576K
}
Event: 130.637 GC heap after
{Heap after GC invocations=20 (full 7):
 garbage-first heap   total 76800K, used 24691K [0x00000000c0000000, 0x0000000100000000)
  region size 1024K, 0 young (0K), 0 survivors (0K)
 Metaspace       used 39959K, committed 40576K, reserved 1114112K
  class space    used 5285K, committed 5568K, reserved 1048576K
}
Event: 141.023 GC heap before
{Heap before GC invocations=20 (full 7):
 garbage-first heap   total 76800K, used 24691K [0x00000000c0000000, 0x0000000100000000)
  region size 1024K, 1 young (1024K), 0 survivors (0K)
 Metaspace       used 39959K, committed 40576K, reserved 1114112K
  class space    used 5285K, committed 5568K, reserved 1048576K
}
Event: 141.066 GC heap after
{Heap after GC invocations=21 (full 8):
 garbage-first heap   total 76800K, used 24691K [0x00000000c0000000, 0x0000000100000000)
  region size 1024K, 0 young (0K), 0 survivors (0K)
 Metaspace       used 39959K, committed 40576K, reserved 1114112K
  class space    used 5285K, committed 5568K, reserved 1048576K
}
Event: 151.525 GC heap before
{Heap before GC invocations=21 (full 8):
 garbage-first heap   total 76800K, used 24691K [0x00000000c0000000, 0x0000000100000000)
  region size 1024K, 1 young (1024K), 0 survivors (0K)
 Metaspace       used 39959K, committed 40576K, reserved 1114112K
  class space    used 5285K, committed 5568K, reserved 1048576K
}
Event: 151.567 GC heap after
{Heap after GC invocations=22 (full 9):
 garbage-first heap   total 76800K, used 24691K [0x00000000c0000000, 0x0000000100000000)
  region size 1024K, 0 young (0K), 0 survivors (0K)
 Metaspace       used 39959K, committed 40576K, reserved 1114112K
  class space    used 5285K, committed 5568K, reserved 1048576K
}
Event: 161.894 GC heap before
{Heap before GC invocations=22 (full 9):
 garbage-first heap   total 76800K, used 24691K [0x00000000c0000000, 0x0000000100000000)
  region size 1024K, 1 young (1024K), 0 survivors (0K)
 Metaspace       used 39959K, committed 40576K, reserved 1114112K
  class space    used 5285K, committed 5568K, reserved 1048576K
}
Event: 161.936 GC heap after
{Heap after GC invocations=23 (full 10):
 garbage-first heap   total 76800K, used 24691K [0x00000000c0000000, 0x0000000100000000)
  region size 1024K, 0 young (0K), 0 survivors (0K)
 Metaspace       used 39959K, committed 40576K, reserved 1114112K
  class space    used 5285K, committed 5568K, reserved 1048576K
}
Event: 172.280 GC heap before
{Heap before GC invocations=23 (full 10):
 garbage-first heap   total 76800K, used 24691K [0x00000000c0000000, 0x0000000100000000)
  region size 1024K, 1 young (1024K), 0 survivors (0K)
 Metaspace       used 39959K, committed 40576K, reserved 1114112K
  class space    used 5285K, committed 5568K, reserved 1048576K
}
Event: 172.323 GC heap after
{Heap after GC invocations=24 (full 11):
 garbage-first heap   total 76800K, used 24691K [0x00000000c0000000, 0x0000000100000000)
  region size 1024K, 0 young (0K), 0 survivors (0K)
 Metaspace       used 39959K, committed 40576K, reserved 1114112K
  class space    used 5285K, committed 5568K, reserved 1048576K
}
Event: 182.654 GC heap before
{Heap before GC invocations=24 (full 11):
 garbage-first heap   total 76800K, used 24691K [0x00000000c0000000, 0x0000000100000000)
  region size 1024K, 1 young (1024K), 0 survivors (0K)
 Metaspace       used 39959K, committed 40576K, reserved 1114112K
  class space    used 5285K, committed 5568K, reserved 1048576K
}
Event: 182.697 GC heap after
{Heap after GC invocations=25 (full 12):
 garbage-first heap   total 76800K, used 24691K [0x00000000c0000000, 0x0000000100000000)
  region size 1024K, 0 young (0K), 0 survivors (0K)
 Metaspace       used 39959K, committed 40576K, reserved 1114112K
  class space    used 5285K, committed 5568K, reserved 1048576K
}
Event: 194.080 GC heap before
{Heap before GC invocations=25 (full 12):
 garbage-first heap   total 76800K, used 24691K [0x00000000c0000000, 0x0000000100000000)
  region size 1024K, 1 young (1024K), 0 survivors (0K)
 Metaspace       used 39959K, committed 40576K, reserved 1114112K
  class space    used 5285K, committed 5568K, reserved 1048576K
}
Event: 194.125 GC heap after
{Heap after GC invocations=26 (full 13):
 garbage-first heap   total 76800K, used 24691K [0x00000000c0000000, 0x0000000100000000)
  region size 1024K, 0 young (0K), 0 survivors (0K)
 Metaspace       used 39959K, committed 40576K, reserved 1114112K
  class space    used 5285K, committed 5568K, reserved 1048576K
}
Event: 205.175 GC heap before
{Heap before GC invocations=26 (full 13):
 garbage-first heap   total 76800K, used 24691K [0x00000000c0000000, 0x0000000100000000)
  region size 1024K, 1 young (1024K), 0 survivors (0K)
 Metaspace       used 39959K, committed 40576K, reserved 1114112K
  class space    used 5285K, committed 5568K, reserved 1048576K
}
Event: 205.220 GC heap after
{Heap after GC invocations=27 (full 14):
 garbage-first heap   total 76800K, used 24691K [0x00000000c0000000, 0x0000000100000000)
  region size 1024K, 0 young (0K), 0 survivors (0K)
 Metaspace       used 39959K, committed 40576K, reserved 1114112K
  class space    used 5285K, committed 5568K, reserved 1048576K
}
Event: 215.651 GC heap before
{Heap before GC invocations=27 (full 14):
 garbage-first heap   total 76800K, used 24691K [0x00000000c0000000, 0x0000000100000000)
  region size 1024K, 1 young (1024K), 0 survivors (0K)
 Metaspace       used 39959K, committed 40576K, reserved 1114112K
  class space    used 5285K, committed 5568K, reserved 1048576K
}
Event: 215.715 GC heap after
{Heap after GC invocations=28 (full 15):
 garbage-first heap   total 76800K, used 24691K [0x00000000c0000000, 0x0000000100000000)
  region size 1024K, 0 young (0K), 0 survivors (0K)
 Metaspace       used 39959K, committed 40576K, reserved 1114112K
  class space    used 5285K, committed 5568K, reserved 1048576K
}

