# JRE version: Java(TM) SE Runtime Environment (17.0.10+11) (build 17.0.10+11-LTS-240)
# Java VM: Java HotSpot(TM) 64-Bit Server VM (17.0.10+11-LTS-240, mixed mode, sharing, tiered, compressed oops, compressed class ptrs, g1 gc, windows-amd64)
GC Precious Log:
 CPUs: 2 total, 2 available
 Memory: 3924M
 Large Page Support: Disabled
 NUMA Support: Disabled
 Compressed Oops: Enabled (32-bit)
 Heap Region Size: 1M
 Heap Min Capacity: 8M
 Heap Initial Capacity: 62M
 Heap Max Capacity: 982M
 Pre-touch: Disabled
 Parallel Workers: 2
 Concurrent Workers: 1
 Concurrent Refinement Workers: 2
 Periodic GC: Disabled
Heap:
 garbage-first heap   total 37888K, used 15890K [0x00000000c2a00000, 0x0000000100000000)
  region size 1024K, 4 young (4096K), 2 survivors (2048K)
 Metaspace       used 29939K, committed 30400K, reserved 1114112K
  class space    used 3763K, committed 3968K, reserved 1048576K
GC Heap History (18 events):
Event: 1.125 GC heap before
{Heap before GC invocations=0 (full 0):
 garbage-first heap   total 63488K, used 6144K [0x00000000c2a00000, 0x0000000100000000)
  region size 1024K, 6 young (6144K), 0 survivors (0K)
 Metaspace       used 2795K, committed 2944K, reserved 1114112K
  class space    used 288K, committed 384K, reserved 1048576K
}
Event: 1.139 GC heap after
{Heap after GC invocations=1 (full 0):
 garbage-first heap   total 63488K, used 3208K [0x00000000c2a00000, 0x0000000100000000)
  region size 1024K, 1 young (1024K), 1 survivors (1024K)
 Metaspace       used 2795K, committed 2944K, reserved 1114112K
  class space    used 288K, committed 384K, reserved 1048576K
}
Event: 2.937 GC heap before
{Heap before GC invocations=1 (full 0):
 garbage-first heap   total 63488K, used 5256K [0x00000000c2a00000, 0x0000000100000000)
  region size 1024K, 4 young (4096K), 1 survivors (1024K)
 Metaspace       used 5273K, committed 5440K, reserved 1114112K
  class space    used 572K, committed 640K, reserved 1048576K
}
Event: 2.947 GC heap after
{Heap after GC invocations=2 (full 0):
 garbage-first heap   total 63488K, used 4028K [0x00000000c2a00000, 0x0000000100000000)
  region size 1024K, 1 young (1024K), 1 survivors (1024K)
 Metaspace       used 5273K, committed 5440K, reserved 1114112K
  class space    used 572K, committed 640K, reserved 1048576K
}
Event: 7.718 GC heap before
{Heap before GC invocations=2 (full 0):
 garbage-first heap   total 63488K, used 11196K [0x00000000c2a00000, 0x0000000100000000)
  region size 1024K, 8 young (8192K), 1 survivors (1024K)
 Metaspace       used 7595K, committed 7744K, reserved 1114112K
  class space    used 870K, committed 960K, reserved 1048576K
}
Event: 7.731 GC heap after
{Heap after GC invocations=3 (full 0):
 garbage-first heap   total 63488K, used 4925K [0x00000000c2a00000, 0x0000000100000000)
  region size 1024K, 1 young (1024K), 1 survivors (1024K)
 Metaspace       used 7595K, committed 7744K, reserved 1114112K
  class space    used 870K, committed 960K, reserved 1048576K
}
Event: 14.530 GC heap before
{Heap before GC invocations=3 (full 0):
 garbage-first heap   total 63488K, used 35645K [0x00000000c2a00000, 0x0000000100000000)
  region size 1024K, 32 young (32768K), 1 survivors (1024K)
 Metaspace       used 15707K, committed 15936K, reserved 1114112K
  class space    used 1871K, committed 1984K, reserved 1048576K
}
Event: 14.583 GC heap after
{Heap after GC invocations=4 (full 0):
 garbage-first heap   total 63488K, used 7206K [0x00000000c2a00000, 0x0000000100000000)
  region size 1024K, 4 young (4096K), 4 survivors (4096K)
 Metaspace       used 15707K, committed 15936K, reserved 1114112K
  class space    used 1871K, committed 1984K, reserved 1048576K
}
Event: 24.760 GC heap before
{Heap before GC invocations=4 (full 0):
 garbage-first heap   total 63488K, used 37926K [0x00000000c2a00000, 0x0000000100000000)
  region size 1024K, 35 young (35840K), 4 survivors (4096K)
 Metaspace       used 21189K, committed 21504K, reserved 1114112K
  class space    used 2583K, committed 2752K, reserved 1048576K
}
Event: 24.806 GC heap after
{Heap after GC invocations=5 (full 0):
 garbage-first heap   total 63488K, used 9972K [0x00000000c2a00000, 0x0000000100000000)
  region size 1024K, 5 young (5120K), 5 survivors (5120K)
 Metaspace       used 21189K, committed 21504K, reserved 1114112K
  class space    used 2583K, committed 2752K, reserved 1048576K
}
Event: 28.060 GC heap before
{Heap before GC invocations=6 (full 0):
 garbage-first heap   total 37888K, used 27380K [0x00000000c2a00000, 0x0000000100000000)
  region size 1024K, 22 young (22528K), 5 survivors (5120K)
 Metaspace       used 24383K, committed 24704K, reserved 1114112K
  class space    used 3073K, committed 3200K, reserved 1048576K
}
Event: 28.090 GC heap after
{Heap after GC invocations=7 (full 0):
 garbage-first heap   total 37888K, used 11446K [0x00000000c2a00000, 0x0000000100000000)
  region size 1024K, 2 young (2048K), 2 survivors (2048K)
 Metaspace       used 24383K, committed 24704K, reserved 1114112K
  class space    used 3073K, committed 3200K, reserved 1048576K
}
Event: 28.276 GC heap before
{Heap before GC invocations=7 (full 0):
 garbage-first heap   total 37888K, used 12470K [0x00000000c2a00000, 0x0000000100000000)
  region size 1024K, 3 young (3072K), 2 survivors (2048K)
 Metaspace       used 24475K, committed 24832K, reserved 1114112K
  class space    used 3083K, committed 3264K, reserved 1048576K
}
Event: 28.288 GC heap after
{Heap after GC invocations=8 (full 0):
 garbage-first heap   total 37888K, used 12094K [0x00000000c2a00000, 0x0000000100000000)
  region size 1024K, 1 young (1024K), 1 survivors (1024K)
 Metaspace       used 24475K, committed 24832K, reserved 1114112K
  class space    used 3083K, committed 3264K, reserved 1048576K
}
Event: 30.449 GC heap before
{Heap before GC invocations=8 (full 0):
 garbage-first heap   total 37888K, used 26430K [0x00000000c2a00000, 0x0000000100000000)
  region size 1024K, 15 young (15360K), 1 survivors (1024K)
 Metaspace       used 27342K, committed 27776K, reserved 1114112K
  class space    used 3419K, committed 3648K, reserved 1048576K
}
Event: 30.457 GC heap after
{Heap after GC invocations=9 (full 0):
 garbage-first heap   total 37888K, used 13327K [0x00000000c2a00000, 0x0000000100000000)
  region size 1024K, 2 young (2048K), 2 survivors (2048K)
 Metaspace       used 27342K, committed 27776K, reserved 1114112K
  class space    used 3419K, committed 3648K, reserved 1048576K
}
Event: 33.345 GC heap before
{Heap before GC invocations=9 (full 0):
 garbage-first heap   total 37888K, used 25615K [0x00000000c2a00000, 0x0000000100000000)
  region size 1024K, 15 young (15360K), 2 survivors (2048K)
 Metaspace       used 29598K, committed 30016K, reserved 1114112K
  class space    used 3722K, committed 3904K, reserved 1048576K
}
Event: 33.361 GC heap after
{Heap after GC invocations=10 (full 0):
 garbage-first heap   total 37888K, used 14866K [0x00000000c2a00000, 0x0000000100000000)
  region size 1024K, 2 young (2048K), 2 survivors (2048K)
 Metaspace       used 29598K, committed 30016K, reserved 1114112K
  class space    used 3722K, committed 3904K, reserved 1048576K
}

