# JRE version: OpenJDK Runtime Environment Temurin-17.0.11+9 (17.0.11+9) (build 17.0.11+9)
# Java VM: OpenJDK 64-Bit Server VM Temurin-17.0.11+9 (17.0.11+9, mixed mode, tiered, compressed oops, compressed class ptrs, parallel gc, windows-amd64)
GC Precious Log:
 CPUs: 2 total, 2 available
 Memory: 3924M
 Large Page Support: Disabled
 NUMA Support: Disabled
 Compressed Oops: Enabled (32-bit)
 Alignments: Space 512K, Generation 512K, Heap 2M
 Heap Min Capacity: 100M
 Heap Initial Capacity: 100M
 Heap Max Capacity: 1G
 Pre-touch: Disabled
 Parallel Workers: 2
Heap:
 PSYoungGen      total 23040K, used 18048K [0x00000000eab00000, 0x00000000ec680000, 0x0000000100000000)
  eden space 22016K, 77% used [0x00000000eab00000,0x00000000ebba2d68,0x00000000ec080000)
  from space 1024K, 98% used [0x00000000ec500000,0x00000000ec5fd610,0x00000000ec600000)
  to   space 512K, 0% used [0x00000000ec600000,0x00000000ec600000,0x00000000ec680000)
 ParOldGen       total 68608K, used 18076K [0x00000000c0000000, 0x00000000c4300000, 0x00000000eab00000)
  object space 68608K, 26% used [0x00000000c0000000,0x00000000c11a7140,0x00000000c4300000)
 Metaspace       used 46697K, committed 47744K, reserved 1114112K
  class space    used 4928K, committed 5376K, reserved 1048576K
GC Heap History (20 events):
Event: 80.958 GC heap before
{Heap before GC invocations=8 (full 1):
 PSYoungGen      total 26112K, used 26000K [0x00000000eab00000, 0x00000000eca00000, 0x0000000100000000)
  eden space 25088K, 100% used [0x00000000eab00000,0x00000000ec380000,0x00000000ec380000)
  from space 1024K, 89% used [0x00000000ec900000,0x00000000ec9e4290,0x00000000eca00000)
  to   space 2560K, 0% used [0x00000000ec500000,0x00000000ec500000,0x00000000ec780000)
 ParOldGen       total 68608K, used 10544K [0x00000000c0000000, 0x00000000c4300000, 0x00000000eab00000)
  object space 68608K, 15% used [0x00000000c0000000,0x00000000c0a4c018,0x00000000c4300000)
 Metaspace       used 27350K, committed 28096K, reserved 1114112K
  class space    used 2808K, committed 3136K, reserved 1048576K
}
Event: 80.972 GC heap after
{Heap after GC invocations=8 (full 1):
 PSYoungGen      total 27136K, used 2546K [0x00000000eab00000, 0x00000000ecb00000, 0x0000000100000000)
  eden space 24576K, 0% used [0x00000000eab00000,0x00000000eab00000,0x00000000ec300000)
  from space 2560K, 99% used [0x00000000ec500000,0x00000000ec77c908,0x00000000ec780000)
  to   space 3584K, 0% used [0x00000000ec780000,0x00000000ec780000,0x00000000ecb00000)
 ParOldGen       total 68608K, used 11376K [0x00000000c0000000, 0x00000000c4300000, 0x00000000eab00000)
  object space 68608K, 16% used [0x00000000c0000000,0x00000000c0b1c3a8,0x00000000c4300000)
 Metaspace       used 27350K, committed 28096K, reserved 1114112K
  class space    used 2808K, committed 3136K, reserved 1048576K
}
Event: 82.437 GC heap before
{Heap before GC invocations=9 (full 1):
 PSYoungGen      total 27136K, used 27122K [0x00000000eab00000, 0x00000000ecb00000, 0x0000000100000000)
  eden space 24576K, 100% used [0x00000000eab00000,0x00000000ec300000,0x00000000ec300000)
  from space 2560K, 99% used [0x00000000ec500000,0x00000000ec77c908,0x00000000ec780000)
  to   space 3584K, 0% used [0x00000000ec780000,0x00000000ec780000,0x00000000ecb00000)
 ParOldGen       total 68608K, used 11376K [0x00000000c0000000, 0x00000000c4300000, 0x00000000eab00000)
  object space 68608K, 16% used [0x00000000c0000000,0x00000000c0b1c3a8,0x00000000c4300000)
 Metaspace       used 29698K, committed 30464K, reserved 1114112K
  class space    used 2969K, committed 3328K, reserved 1048576K
}
Event: 82.444 GC heap after
{Heap after GC invocations=9 (full 1):
 PSYoungGen      total 27648K, used 3251K [0x00000000eab00000, 0x00000000ecb00000, 0x0000000100000000)
  eden space 24064K, 0% used [0x00000000eab00000,0x00000000eab00000,0x00000000ec280000)
  from space 3584K, 90% used [0x00000000ec780000,0x00000000ecaacd08,0x00000000ecb00000)
  to   space 3584K, 0% used [0x00000000ec400000,0x00000000ec400000,0x00000000ec780000)
 ParOldGen       total 68608K, used 11376K [0x00000000c0000000, 0x00000000c4300000, 0x00000000eab00000)
  object space 68608K, 16% used [0x00000000c0000000,0x00000000c0b1c3a8,0x00000000c4300000)
 Metaspace       used 29698K, committed 30464K, reserved 1114112K
  class space    used 2969K, committed 3328K, reserved 1048576K
}
Event: 84.178 GC heap before
{Heap before GC invocations=10 (full 1):
 PSYoungGen      total 27648K, used 27315K [0x00000000eab00000, 0x00000000ecb00000, 0x0000000100000000)
  eden space 24064K, 100% used [0x00000000eab00000,0x00000000ec280000,0x00000000ec280000)
  from space 3584K, 90% used [0x00000000ec780000,0x00000000ecaacd08,0x00000000ecb00000)
  to   space 3584K, 0% used [0x00000000ec400000,0x00000000ec400000,0x00000000ec780000)
 ParOldGen       total 68608K, used 11376K [0x00000000c0000000, 0x00000000c4300000, 0x00000000eab00000)
  object space 68608K, 16% used [0x00000000c0000000,0x00000000c0b1c3a8,0x00000000c4300000)
 Metaspace       used 33212K, committed 33984K, reserved 1114112K
  class space    used 3331K, committed 3648K, reserved 1048576K
}
Event: 84.186 GC heap after
{Heap after GC invocations=10 (full 1):
 PSYoungGen      total 27136K, used 3303K [0x00000000eab00000, 0x00000000ec900000, 0x0000000100000000)
  eden space 23552K, 0% used [0x00000000eab00000,0x00000000eab00000,0x00000000ec200000)
  from space 3584K, 92% used [0x00000000ec400000,0x00000000ec739c48,0x00000000ec780000)
  to   space 1536K, 0% used [0x00000000ec780000,0x00000000ec780000,0x00000000ec900000)
 ParOldGen       total 68608K, used 12098K [0x00000000c0000000, 0x00000000c4300000, 0x00000000eab00000)
  object space 68608K, 17% used [0x00000000c0000000,0x00000000c0bd0a60,0x00000000c4300000)
 Metaspace       used 33212K, committed 33984K, reserved 1114112K
  class space    used 3331K, committed 3648K, reserved 1048576K
}
Event: 85.109 GC heap before
{Heap before GC invocations=11 (full 1):
 PSYoungGen      total 27136K, used 26855K [0x00000000eab00000, 0x00000000ec900000, 0x0000000100000000)
  eden space 23552K, 100% used [0x00000000eab00000,0x00000000ec200000,0x00000000ec200000)
  from space 3584K, 92% used [0x00000000ec400000,0x00000000ec739c48,0x00000000ec780000)
  to   space 1536K, 0% used [0x00000000ec780000,0x00000000ec780000,0x00000000ec900000)
 ParOldGen       total 68608K, used 12098K [0x00000000c0000000, 0x00000000c4300000, 0x00000000eab00000)
  object space 68608K, 17% used [0x00000000c0000000,0x00000000c0bd0a60,0x00000000c4300000)
 Metaspace       used 35001K, committed 35776K, reserved 1114112K
  class space    used 3510K, committed 3840K, reserved 1048576K
}
Event: 85.119 GC heap after
{Heap after GC invocations=11 (full 1):
 PSYoungGen      total 24576K, used 1419K [0x00000000eab00000, 0x00000000ec900000, 0x0000000100000000)
  eden space 23040K, 0% used [0x00000000eab00000,0x00000000eab00000,0x00000000ec180000)
  from space 1536K, 92% used [0x00000000ec780000,0x00000000ec8e2e80,0x00000000ec900000)
  to   space 2560K, 0% used [0x00000000ec400000,0x00000000ec400000,0x00000000ec680000)
 ParOldGen       total 68608K, used 15278K [0x00000000c0000000, 0x00000000c4300000, 0x00000000eab00000)
  object space 68608K, 22% used [0x00000000c0000000,0x00000000c0eebbe0,0x00000000c4300000)
 Metaspace       used 35001K, committed 35776K, reserved 1114112K
  class space    used 3510K, committed 3840K, reserved 1048576K
}
Event: 85.153 GC heap before
{Heap before GC invocations=12 (full 1):
 PSYoungGen      total 24576K, used 2077K [0x00000000eab00000, 0x00000000ec900000, 0x0000000100000000)
  eden space 23040K, 2% used [0x00000000eab00000,0x00000000eaba4660,0x00000000ec180000)
  from space 1536K, 92% used [0x00000000ec780000,0x00000000ec8e2e80,0x00000000ec900000)
  to   space 2560K, 0% used [0x00000000ec400000,0x00000000ec400000,0x00000000ec680000)
 ParOldGen       total 68608K, used 15278K [0x00000000c0000000, 0x00000000c4300000, 0x00000000eab00000)
  object space 68608K, 22% used [0x00000000c0000000,0x00000000c0eebbe0,0x00000000c4300000)
 Metaspace       used 35106K, committed 35840K, reserved 1114112K
  class space    used 3518K, committed 3840K, reserved 1048576K
}
Event: 85.158 GC heap after
{Heap after GC invocations=12 (full 1):
 PSYoungGen      total 25600K, used 188K [0x00000000eab00000, 0x00000000ec800000, 0x0000000100000000)
  eden space 23040K, 0% used [0x00000000eab00000,0x00000000eab00000,0x00000000ec180000)
  from space 2560K, 7% used [0x00000000ec400000,0x00000000ec42f0d0,0x00000000ec680000)
  to   space 1024K, 0% used [0x00000000ec700000,0x00000000ec700000,0x00000000ec800000)
 ParOldGen       total 68608K, used 16638K [0x00000000c0000000, 0x00000000c4300000, 0x00000000eab00000)
  object space 68608K, 24% used [0x00000000c0000000,0x00000000c103f930,0x00000000c4300000)
 Metaspace       used 35106K, committed 35840K, reserved 1114112K
  class space    used 3518K, committed 3840K, reserved 1048576K
}
Event: 85.158 GC heap before
{Heap before GC invocations=13 (full 2):
 PSYoungGen      total 25600K, used 188K [0x00000000eab00000, 0x00000000ec800000, 0x0000000100000000)
  eden space 23040K, 0% used [0x00000000eab00000,0x00000000eab00000,0x00000000ec180000)
  from space 2560K, 7% used [0x00000000ec400000,0x00000000ec42f0d0,0x00000000ec680000)
  to   space 1024K, 0% used [0x00000000ec700000,0x00000000ec700000,0x00000000ec800000)
 ParOldGen       total 68608K, used 16638K [0x00000000c0000000, 0x00000000c4300000, 0x00000000eab00000)
  object space 68608K, 24% used [0x00000000c0000000,0x00000000c103f930,0x00000000c4300000)
 Metaspace       used 35106K, committed 35840K, reserved 1114112K
  class space    used 3518K, committed 3840K, reserved 1048576K
}
Event: 85.254 GC heap after
{Heap after GC invocations=13 (full 2):
 PSYoungGen      total 25600K, used 0K [0x00000000eab00000, 0x00000000ec800000, 0x0000000100000000)
  eden space 23040K, 0% used [0x00000000eab00000,0x00000000eab00000,0x00000000ec180000)
  from space 2560K, 0% used [0x00000000ec400000,0x00000000ec400000,0x00000000ec680000)
  to   space 1024K, 0% used [0x00000000ec700000,0x00000000ec700000,0x00000000ec800000)
 ParOldGen       total 68608K, used 14907K [0x00000000c0000000, 0x00000000c4300000, 0x00000000eab00000)
  object space 68608K, 21% used [0x00000000c0000000,0x00000000c0e8ee88,0x00000000c4300000)
 Metaspace       used 35093K, committed 35840K, reserved 1114112K
  class space    used 3514K, committed 3840K, reserved 1048576K
}
Event: 89.093 GC heap before
{Heap before GC invocations=14 (full 2):
 PSYoungGen      total 25600K, used 23040K [0x00000000eab00000, 0x00000000ec800000, 0x0000000100000000)
  eden space 23040K, 100% used [0x00000000eab00000,0x00000000ec180000,0x00000000ec180000)
  from space 2560K, 0% used [0x00000000ec400000,0x00000000ec400000,0x00000000ec680000)
  to   space 1024K, 0% used [0x00000000ec700000,0x00000000ec700000,0x00000000ec800000)
 ParOldGen       total 68608K, used 14907K [0x00000000c0000000, 0x00000000c4300000, 0x00000000eab00000)
  object space 68608K, 21% used [0x00000000c0000000,0x00000000c0e8ee88,0x00000000c4300000)
 Metaspace       used 37073K, committed 37952K, reserved 1114112K
  class space    used 3713K, committed 4096K, reserved 1048576K
}
Event: 89.100 GC heap after
{Heap after GC invocations=14 (full 2):
 PSYoungGen      total 23552K, used 1006K [0x00000000eab00000, 0x00000000ec800000, 0x0000000100000000)
  eden space 22528K, 0% used [0x00000000eab00000,0x00000000eab00000,0x00000000ec100000)
  from space 1024K, 98% used [0x00000000ec700000,0x00000000ec7fbbb8,0x00000000ec800000)
  to   space 2048K, 0% used [0x00000000ec400000,0x00000000ec400000,0x00000000ec600000)
 ParOldGen       total 68608K, used 15306K [0x00000000c0000000, 0x00000000c4300000, 0x00000000eab00000)
  object space 68608K, 22% used [0x00000000c0000000,0x00000000c0ef2900,0x00000000c4300000)
 Metaspace       used 37073K, committed 37952K, reserved 1114112K
  class space    used 3713K, committed 4096K, reserved 1048576K
}
Event: 99.989 GC heap before
{Heap before GC invocations=15 (full 2):
 PSYoungGen      total 23552K, used 23534K [0x00000000eab00000, 0x00000000ec800000, 0x0000000100000000)
  eden space 22528K, 99% used [0x00000000eab00000,0x00000000ec0fffd0,0x00000000ec100000)
  from space 1024K, 98% used [0x00000000ec700000,0x00000000ec7fbbb8,0x00000000ec800000)
  to   space 2048K, 0% used [0x00000000ec400000,0x00000000ec400000,0x00000000ec600000)
 ParOldGen       total 68608K, used 15306K [0x00000000c0000000, 0x00000000c4300000, 0x00000000eab00000)
  object space 68608K, 22% used [0x00000000c0000000,0x00000000c0ef2900,0x00000000c4300000)
 Metaspace       used 39158K, committed 40000K, reserved 1114112K
  class space    used 3965K, committed 4352K, reserved 1048576K
}
Event: 99.998 GC heap after
{Heap after GC invocations=15 (full 2):
 PSYoungGen      total 24064K, used 882K [0x00000000eab00000, 0x00000000ec780000, 0x0000000100000000)
  eden space 22016K, 0% used [0x00000000eab00000,0x00000000eab00000,0x00000000ec080000)
  from space 2048K, 43% used [0x00000000ec400000,0x00000000ec4dc820,0x00000000ec600000)
  to   space 1536K, 0% used [0x00000000ec600000,0x00000000ec600000,0x00000000ec780000)
 ParOldGen       total 68608K, used 16314K [0x00000000c0000000, 0x00000000c4300000, 0x00000000eab00000)
  object space 68608K, 23% used [0x00000000c0000000,0x00000000c0fee978,0x00000000c4300000)
 Metaspace       used 39158K, committed 40000K, reserved 1114112K
  class space    used 3965K, committed 4352K, reserved 1048576K
}
Event: 107.804 GC heap before
{Heap before GC invocations=16 (full 2):
 PSYoungGen      total 24064K, used 22898K [0x00000000eab00000, 0x00000000ec780000, 0x0000000100000000)
  eden space 22016K, 100% used [0x00000000eab00000,0x00000000ec080000,0x00000000ec080000)
  from space 2048K, 43% used [0x00000000ec400000,0x00000000ec4dc820,0x00000000ec600000)
  to   space 1536K, 0% used [0x00000000ec600000,0x00000000ec600000,0x00000000ec780000)
 ParOldGen       total 68608K, used 16314K [0x00000000c0000000, 0x00000000c4300000, 0x00000000eab00000)
  object space 68608K, 23% used [0x00000000c0000000,0x00000000c0fee978,0x00000000c4300000)
 Metaspace       used 42032K, committed 42880K, reserved 1114112K
  class space    used 4324K, committed 4672K, reserved 1048576K
}
Event: 107.813 GC heap after
{Heap after GC invocations=16 (full 2):
 PSYoungGen      total 23040K, used 832K [0x00000000eab00000, 0x00000000ec700000, 0x0000000100000000)
  eden space 22016K, 0% used [0x00000000eab00000,0x00000000eab00000,0x00000000ec080000)
  from space 1024K, 81% used [0x00000000ec600000,0x00000000ec6d0000,0x00000000ec700000)
  to   space 1024K, 0% used [0x00000000ec500000,0x00000000ec500000,0x00000000ec600000)
 ParOldGen       total 68608K, used 17124K [0x00000000c0000000, 0x00000000c4300000, 0x00000000eab00000)
  object space 68608K, 24% used [0x00000000c0000000,0x00000000c10b9348,0x00000000c4300000)
 Metaspace       used 42032K, committed 42880K, reserved 1114112K
  class space    used 4324K, committed 4672K, reserved 1048576K
}
Event: 117.542 GC heap before
{Heap before GC invocations=17 (full 2):
 PSYoungGen      total 23040K, used 22847K [0x00000000eab00000, 0x00000000ec700000, 0x0000000100000000)
  eden space 22016K, 99% used [0x00000000eab00000,0x00000000ec07fe28,0x00000000ec080000)
  from space 1024K, 81% used [0x00000000ec600000,0x00000000ec6d0000,0x00000000ec700000)
  to   space 1024K, 0% used [0x00000000ec500000,0x00000000ec500000,0x00000000ec600000)
 ParOldGen       total 68608K, used 17124K [0x00000000c0000000, 0x00000000c4300000, 0x00000000eab00000)
  object space 68608K, 24% used [0x00000000c0000000,0x00000000c10b9348,0x00000000c4300000)
 Metaspace       used 44726K, committed 45760K, reserved 1114112K
  class space    used 4657K, committed 5120K, reserved 1048576K
}
Event: 117.550 GC heap after
{Heap after GC invocations=17 (full 2):
 PSYoungGen      total 23040K, used 1013K [0x00000000eab00000, 0x00000000ec680000, 0x0000000100000000)
  eden space 22016K, 0% used [0x00000000eab00000,0x00000000eab00000,0x00000000ec080000)
  from space 1024K, 98% used [0x00000000ec500000,0x00000000ec5fd610,0x00000000ec600000)
  to   space 512K, 0% used [0x00000000ec600000,0x00000000ec600000,0x00000000ec680000)
 ParOldGen       total 68608K, used 18076K [0x00000000c0000000, 0x00000000c4300000, 0x00000000eab00000)
  object space 68608K, 26% used [0x00000000c0000000,0x00000000c11a7140,0x00000000c4300000)
 Metaspace       used 44726K, committed 45760K, reserved 1114112K
  class space    used 4657K, committed 5120K, reserved 1048576K
}

