# JRE version: OpenJDK Runtime Environment Temurin-17.0.11+9 (17.0.11+9) (build 17.0.11+9)
# Java VM: OpenJDK 64-Bit Server VM Temurin-17.0.11+9 (17.0.11+9, mixed mode, emulated-client, tiered, compressed oops, compressed class ptrs, g1 gc, windows-amd64)
GC Precious Log:
 CPUs: 2 total, 2 available
 Memory: 3924M
 Large Page Support: Disabled
 NUMA Support: Disabled
 Compressed Oops: Enabled (32-bit)
 Heap Region Size: 1M
 Heap Min Capacity: 8M
 Heap Initial Capacity: 62M
 Heap Max Capacity: 1G
 Pre-touch: Disabled
 Parallel Workers: 2
 Concurrent Workers: 1
 Concurrent Refinement Workers: 2
 Periodic GC: Disabled
Heap:
 garbage-first heap   total 63488K, used 27664K [0x00000000c0000000, 0x0000000100000000)
  region size 1024K, 1 young (1024K), 0 survivors (0K)
 Metaspace       used 48197K, committed 48832K, reserved 1114112K
  class space    used 6242K, committed 6528K, reserved 1048576K
GC Heap History (20 events):
Event: 352.880 GC heap before
{Heap before GC invocations=33 (full 15):
 garbage-first heap   total 63488K, used 27664K [0x00000000c0000000, 0x0000000100000000)
  region size 1024K, 1 young (1024K), 0 survivors (0K)
 Metaspace       used 48157K, committed 48704K, reserved 1114112K
  class space    used 6234K, committed 6464K, reserved 1048576K
}
Event: 352.940 GC heap after
{Heap after GC invocations=34 (full 16):
 garbage-first heap   total 63488K, used 27664K [0x00000000c0000000, 0x0000000100000000)
  region size 1024K, 0 young (0K), 0 survivors (0K)
 Metaspace       used 48157K, committed 48704K, reserved 1114112K
  class space    used 6234K, committed 6464K, reserved 1048576K
}
Event: 363.661 GC heap before
{Heap before GC invocations=34 (full 16):
 garbage-first heap   total 63488K, used 27664K [0x00000000c0000000, 0x0000000100000000)
  region size 1024K, 1 young (1024K), 0 survivors (0K)
 Metaspace       used 48157K, committed 48704K, reserved 1114112K
  class space    used 6234K, committed 6464K, reserved 1048576K
}
Event: 363.717 GC heap after
{Heap after GC invocations=35 (full 17):
 garbage-first heap   total 63488K, used 27664K [0x00000000c0000000, 0x0000000100000000)
  region size 1024K, 0 young (0K), 0 survivors (0K)
 Metaspace       used 48157K, committed 48704K, reserved 1114112K
  class space    used 6234K, committed 6464K, reserved 1048576K
}
Event: 374.419 GC heap before
{Heap before GC invocations=35 (full 17):
 garbage-first heap   total 63488K, used 27664K [0x00000000c0000000, 0x0000000100000000)
  region size 1024K, 1 young (1024K), 0 survivors (0K)
 Metaspace       used 48157K, committed 48704K, reserved 1114112K
  class space    used 6234K, committed 6464K, reserved 1048576K
}
Event: 374.474 GC heap after
{Heap after GC invocations=36 (full 18):
 garbage-first heap   total 63488K, used 27664K [0x00000000c0000000, 0x0000000100000000)
  region size 1024K, 0 young (0K), 0 survivors (0K)
 Metaspace       used 48157K, committed 48704K, reserved 1114112K
  class space    used 6234K, committed 6464K, reserved 1048576K
}
Event: 384.858 GC heap before
{Heap before GC invocations=36 (full 18):
 garbage-first heap   total 63488K, used 27664K [0x00000000c0000000, 0x0000000100000000)
  region size 1024K, 1 young (1024K), 0 survivors (0K)
 Metaspace       used 48157K, committed 48704K, reserved 1114112K
  class space    used 6234K, committed 6464K, reserved 1048576K
}
Event: 384.912 GC heap after
{Heap after GC invocations=37 (full 19):
 garbage-first heap   total 63488K, used 27664K [0x00000000c0000000, 0x0000000100000000)
  region size 1024K, 0 young (0K), 0 survivors (0K)
 Metaspace       used 48157K, committed 48704K, reserved 1114112K
  class space    used 6234K, committed 6464K, reserved 1048576K
}
Event: 395.453 GC heap before
{Heap before GC invocations=37 (full 19):
 garbage-first heap   total 63488K, used 27664K [0x00000000c0000000, 0x0000000100000000)
  region size 1024K, 1 young (1024K), 0 survivors (0K)
 Metaspace       used 48157K, committed 48704K, reserved 1114112K
  class space    used 6234K, committed 6464K, reserved 1048576K
}
Event: 395.510 GC heap after
{Heap after GC invocations=38 (full 20):
 garbage-first heap   total 63488K, used 27664K [0x00000000c0000000, 0x0000000100000000)
  region size 1024K, 0 young (0K), 0 survivors (0K)
 Metaspace       used 48157K, committed 48704K, reserved 1114112K
  class space    used 6234K, committed 6464K, reserved 1048576K
}
Event: 405.919 GC heap before
{Heap before GC invocations=38 (full 20):
 garbage-first heap   total 63488K, used 27664K [0x00000000c0000000, 0x0000000100000000)
  region size 1024K, 1 young (1024K), 0 survivors (0K)
 Metaspace       used 48157K, committed 48704K, reserved 1114112K
  class space    used 6234K, committed 6464K, reserved 1048576K
}
Event: 405.980 GC heap after
{Heap after GC invocations=39 (full 21):
 garbage-first heap   total 63488K, used 27664K [0x00000000c0000000, 0x0000000100000000)
  region size 1024K, 0 young (0K), 0 survivors (0K)
 Metaspace       used 48157K, committed 48704K, reserved 1114112K
  class space    used 6234K, committed 6464K, reserved 1048576K
}
Event: 416.365 GC heap before
{Heap before GC invocations=39 (full 21):
 garbage-first heap   total 63488K, used 27664K [0x00000000c0000000, 0x0000000100000000)
  region size 1024K, 1 young (1024K), 0 survivors (0K)
 Metaspace       used 48157K, committed 48704K, reserved 1114112K
  class space    used 6234K, committed 6464K, reserved 1048576K
}
Event: 416.420 GC heap after
{Heap after GC invocations=40 (full 22):
 garbage-first heap   total 63488K, used 27664K [0x00000000c0000000, 0x0000000100000000)
  region size 1024K, 0 young (0K), 0 survivors (0K)
 Metaspace       used 48157K, committed 48704K, reserved 1114112K
  class space    used 6234K, committed 6464K, reserved 1048576K
}
Event: 426.813 GC heap before
{Heap before GC invocations=40 (full 22):
 garbage-first heap   total 63488K, used 27664K [0x00000000c0000000, 0x0000000100000000)
  region size 1024K, 1 young (1024K), 0 survivors (0K)
 Metaspace       used 48157K, committed 48704K, reserved 1114112K
  class space    used 6234K, committed 6464K, reserved 1048576K
}
Event: 426.868 GC heap after
{Heap after GC invocations=41 (full 23):
 garbage-first heap   total 63488K, used 27664K [0x00000000c0000000, 0x0000000100000000)
  region size 1024K, 0 young (0K), 0 survivors (0K)
 Metaspace       used 48157K, committed 48704K, reserved 1114112K
  class space    used 6234K, committed 6464K, reserved 1048576K
}
Event: 437.262 GC heap before
{Heap before GC invocations=41 (full 23):
 garbage-first heap   total 63488K, used 27664K [0x00000000c0000000, 0x0000000100000000)
  region size 1024K, 1 young (1024K), 0 survivors (0K)
 Metaspace       used 48157K, committed 48704K, reserved 1114112K
  class space    used 6234K, committed 6464K, reserved 1048576K
}
Event: 437.319 GC heap after
{Heap after GC invocations=42 (full 24):
 garbage-first heap   total 63488K, used 27664K [0x00000000c0000000, 0x0000000100000000)
  region size 1024K, 0 young (0K), 0 survivors (0K)
 Metaspace       used 48157K, committed 48704K, reserved 1114112K
  class space    used 6234K, committed 6464K, reserved 1048576K
}
Event: 447.695 GC heap before
{Heap before GC invocations=42 (full 24):
 garbage-first heap   total 63488K, used 27664K [0x00000000c0000000, 0x0000000100000000)
  region size 1024K, 1 young (1024K), 0 survivors (0K)
 Metaspace       used 48157K, committed 48704K, reserved 1114112K
  class space    used 6234K, committed 6464K, reserved 1048576K
}
Event: 447.751 GC heap after
{Heap after GC invocations=43 (full 25):
 garbage-first heap   total 63488K, used 27664K [0x00000000c0000000, 0x0000000100000000)
  region size 1024K, 0 young (0K), 0 survivors (0K)
 Metaspace       used 48157K, committed 48704K, reserved 1114112K
  class space    used 6234K, committed 6464K, reserved 1048576K
}

